

Started GET "/" for 127.0.0.1 at 2014-02-11 15:44:20 -0800
Processing by Rails::WelcomeController#index as HTML
  Rendered /home/all/.rvm/gems/ruby-2.0.0-p353@rails-4.0/gems/railties-4.0.0/lib/rails/templates/rails/welcome/index.html.erb (2.3ms)
Completed 200 OK in 43ms (Views: 15.1ms | ActiveRecord: 0.0ms)


Started GET "/" for 192.168.1.65 at 2014-02-14 13:07:12 -0800
Processing by Rails::WelcomeController#index as HTML
  Rendered /home/all/.rvm/gems/ruby-2.0.0-p353@rails-4.0/gems/railties-4.0.0/lib/rails/templates/rails/welcome/index.html.erb (2.9ms)
Completed 200 OK in 90ms (Views: 13.1ms | ActiveRecord: 0.0ms)


Started GET "/" for 192.168.1.65 at 2014-02-14 13:11:45 -0800
Processing by Rails::WelcomeController#index as HTML
  Rendered /home/all/.rvm/gems/ruby-2.0.0-p353@rails-4.0/gems/railties-4.0.0/lib/rails/templates/rails/welcome/index.html.erb (0.1ms)
Completed 200 OK in 3ms (Views: 2.2ms | ActiveRecord: 0.0ms)


Started GET "/" for 192.168.1.65 at 2014-02-14 13:15:37 -0800
Processing by Rails::WelcomeController#index as HTML
  Rendered /home/all/.rvm/gems/ruby-2.0.0-p353@rails-4.0/gems/railties-4.0.0/lib/rails/templates/rails/welcome/index.html.erb (0.4ms)
Completed 200 OK in 4ms (Views: 3.5ms | ActiveRecord: 0.0ms)


Started GET "/" for 192.168.1.20 at 2014-02-14 13:16:17 -0800
Processing by Rails::WelcomeController#index as HTML
  Rendered /home/all/.rvm/gems/ruby-2.0.0-p353@rails-4.0/gems/railties-4.0.0/lib/rails/templates/rails/welcome/index.html.erb (0.4ms)
Completed 200 OK in 5ms (Views: 4.2ms | ActiveRecord: 0.0ms)


Started GET "/" for 192.168.1.20 at 2014-02-14 13:21:33 -0800
Processing by Rails::WelcomeController#index as HTML
  Rendered /home/all/.rvm/gems/ruby-2.0.0-p353@rails-4.0/gems/railties-4.0.0/lib/rails/templates/rails/welcome/index.html.erb (0.3ms)
Completed 200 OK in 11ms (Views: 4.7ms | ActiveRecord: 0.0ms)


Started GET "/" for 192.168.1.65 at 2014-02-14 13:30:45 -0800
Processing by Rails::WelcomeController#index as HTML
  Rendered /home/all/.rvm/gems/ruby-2.0.0-p353@rails-4.0/gems/railties-4.0.0/lib/rails/templates/rails/welcome/index.html.erb (0.4ms)
Completed 200 OK in 7ms (Views: 4.5ms | ActiveRecord: 0.0ms)


Started GET "/" for 192.168.1.67 at 2014-02-15 03:32:13 -0800
Processing by Rails::WelcomeController#index as HTML
  Rendered /home/all/.rvm/gems/ruby-2.0.0-p353@rails-4.0/gems/railties-4.0.0/lib/rails/templates/rails/welcome/index.html.erb (0.3ms)
Completed 200 OK in 8ms (Views: 5.8ms | ActiveRecord: 0.0ms)


Started GET "/" for 192.168.1.67 at 2014-02-15 03:32:38 -0800
Processing by Rails::WelcomeController#index as HTML
  Rendered /home/all/.rvm/gems/ruby-2.0.0-p353@rails-4.0/gems/railties-4.0.0/lib/rails/templates/rails/welcome/index.html.erb (0.1ms)
Completed 200 OK in 7ms (Views: 4.5ms | ActiveRecord: 0.0ms)


Started GET "/" for 192.168.1.65 at 2014-02-15 03:36:12 -0800
Processing by Rails::WelcomeController#index as HTML
  Rendered /home/all/.rvm/gems/ruby-2.0.0-p353@rails-4.0/gems/railties-4.0.0/lib/rails/templates/rails/welcome/index.html.erb (0.6ms)
Completed 200 OK in 14ms (Views: 10.0ms | ActiveRecord: 0.0ms)


Started GET "/" for 192.168.1.65 at 2014-02-15 03:36:17 -0800
Processing by Rails::WelcomeController#index as HTML
  Rendered /home/all/.rvm/gems/ruby-2.0.0-p353@rails-4.0/gems/railties-4.0.0/lib/rails/templates/rails/welcome/index.html.erb (0.2ms)
Completed 200 OK in 3ms (Views: 2.4ms | ActiveRecord: 0.0ms)


Started GET "/" for 192.168.1.65 at 2014-02-15 03:36:25 -0800
Processing by Rails::WelcomeController#index as HTML
  Rendered /home/all/.rvm/gems/ruby-2.0.0-p353@rails-4.0/gems/railties-4.0.0/lib/rails/templates/rails/welcome/index.html.erb (0.1ms)
Completed 200 OK in 2ms (Views: 2.0ms | ActiveRecord: 0.0ms)


Started GET "/" for 127.0.0.1 at 2014-02-15 04:08:12 -0800
Processing by Rails::WelcomeController#index as HTML
  Rendered /home/all/.rvm/gems/ruby-2.0.0-p353@rails-4.0/gems/railties-4.0.0/lib/rails/templates/rails/welcome/index.html.erb (0.5ms)
Completed 200 OK in 7ms (Views: 5.6ms | ActiveRecord: 0.0ms)
  [1m[36m (33.2ms)[0m  [1mCREATE TABLE `schema_migrations` (`version` varchar(255) NOT NULL) ENGINE=InnoDB[0m
  [1m[35m (29.7ms)[0m  CREATE UNIQUE INDEX `unique_schema_migrations` ON `schema_migrations` (`version`) 
  [1m[36mActiveRecord::SchemaMigration Load (0.4ms)[0m  [1mSELECT `schema_migrations`.* FROM `schema_migrations`[0m
Migrating to CreateRawEmails (20140215130047)
  [1m[35m (13.5ms)[0m  CREATE TABLE `raw_emails` (`id` int(11) DEFAULT NULL auto_increment PRIMARY KEY, `to` varchar(255), `cc` varchar(255), `from` varchar(255), `subject` varchar(255), `body_html` text, `body_text` text, `received_at` datetime, `created_at` datetime, `updated_at` datetime) ENGINE=InnoDB
  [1m[36m (0.2ms)[0m  [1mBEGIN[0m
  [1m[35mSQL (1.1ms)[0m  INSERT INTO `schema_migrations` (`version`) VALUES ('20140215130047')
  [1m[36m (3.2ms)[0m  [1mCOMMIT[0m
  [1m[35mActiveRecord::SchemaMigration Load (0.4ms)[0m  SELECT `schema_migrations`.* FROM `schema_migrations`
